Mensaje I / 00:00:00:000 / Root(00) para top(01)
Mensaje I / 00:00:00:000 / top(01) para dance(02)
Mensaje I / 00:00:00:000 / dance(02) para dance(0,0)(03)
Mensaje I / 00:00:00:000 / dance(02) para dance(0,1)(04)
Mensaje I / 00:00:00:000 / dance(02) para dance(0,2)(05)
Mensaje I / 00:00:00:000 / dance(02) para dance(0,3)(06)
Mensaje I / 00:00:00:000 / dance(02) para dance(0,4)(07)
Mensaje I / 00:00:00:000 / dance(02) para dance(1,0)(08)
Mensaje I / 00:00:00:000 / dance(02) para dance(1,1)(09)
Mensaje I / 00:00:00:000 / dance(02) para dance(1,2)(10)
Mensaje I / 00:00:00:000 / dance(02) para dance(1,3)(11)
Mensaje I / 00:00:00:000 / dance(02) para dance(1,4)(12)
Mensaje I / 00:00:00:000 / dance(02) para dance(2,0)(13)
Mensaje I / 00:00:00:000 / dance(02) para dance(2,1)(14)
Mensaje I / 00:00:00:000 / dance(02) para dance(2,2)(15)
Mensaje I / 00:00:00:000 / dance(02) para dance(2,3)(16)
Mensaje I / 00:00:00:000 / dance(02) para dance(2,4)(17)
Mensaje I / 00:00:00:000 / dance(02) para dance(3,0)(18)
Mensaje I / 00:00:00:000 / dance(02) para dance(3,1)(19)
Mensaje I / 00:00:00:000 / dance(02) para dance(3,2)(20)
Mensaje I / 00:00:00:000 / dance(02) para dance(3,3)(21)
Mensaje I / 00:00:00:000 / dance(02) para dance(3,4)(22)
Mensaje I / 00:00:00:000 / dance(02) para dance(4,0)(23)
Mensaje I / 00:00:00:000 / dance(02) para dance(4,1)(24)
Mensaje I / 00:00:00:000 / dance(02) para dance(4,2)(25)
Mensaje I / 00:00:00:000 / dance(02) para dance(4,3)(26)
Mensaje I / 00:00:00:000 / dance(02) para dance(4,4)(27)
Mensaje D / 00:00:00:000 / dance(0,0)(03) / ... para dance(02)
Mensaje D / 00:00:00:000 / dance(0,1)(04) / ... para dance(02)
Mensaje D / 00:00:00:000 / dance(0,2)(05) / ... para dance(02)
Mensaje D / 00:00:00:000 / dance(0,3)(06) / ... para dance(02)
Mensaje D / 00:00:00:000 / dance(0,4)(07) / ... para dance(02)
Mensaje D / 00:00:00:000 / dance(1,0)(08) / ... para dance(02)
Mensaje D / 00:00:00:000 / dance(1,1)(09) / 00:00:00:100 para dance(02)
Mensaje D / 00:00:00:000 / dance(1,2)(10) / ... para dance(02)
Mensaje D / 00:00:00:000 / dance(1,3)(11) / ... para dance(02)
Mensaje D / 00:00:00:000 / dance(1,4)(12) / 00:00:00:100 para dance(02)
Mensaje D / 00:00:00:000 / dance(2,0)(13) / ... para dance(02)
Mensaje D / 00:00:00:000 / dance(2,1)(14) / ... para dance(02)
Mensaje D / 00:00:00:000 / dance(2,2)(15) / ... para dance(02)
Mensaje D / 00:00:00:000 / dance(2,3)(16) / ... para dance(02)
Mensaje D / 00:00:00:000 / dance(2,4)(17) / ... para dance(02)
Mensaje D / 00:00:00:000 / dance(3,0)(18) / ... para dance(02)
Mensaje D / 00:00:00:000 / dance(3,1)(19) / ... para dance(02)
Mensaje D / 00:00:00:000 / dance(3,2)(20) / 00:00:00:100 para dance(02)
Mensaje D / 00:00:00:000 / dance(3,3)(21) / ... para dance(02)
Mensaje D / 00:00:00:000 / dance(3,4)(22) / ... para dance(02)
Mensaje D / 00:00:00:000 / dance(4,0)(23) / ... para dance(02)
Mensaje D / 00:00:00:000 / dance(4,1)(24) / ... para dance(02)
Mensaje D / 00:00:00:000 / dance(4,2)(25) / 00:00:00:100 para dance(02)
Mensaje D / 00:00:00:000 / dance(4,3)(26) / 00:00:00:100 para dance(02)
Mensaje D / 00:00:00:000 / dance(4,4)(27) / ... para dance(02)
Mensaje D / 00:00:00:000 / dance(02) / 00:00:00:100 para top(01)
Mensaje D / 00:00:00:000 / top(01) / 00:00:00:100 para Root(00)
Mensaje * / 00:00:00:100 / Root(00) para top(01)
Mensaje * / 00:00:00:100 / top(01) para dance(02)
Mensaje * / 00:00:00:100 / dance(02) para dance(1,1)(09)
Mensaje * / 00:00:00:100 / dance(02) para dance(1,4)(12)
Mensaje * / 00:00:00:100 / dance(02) para dance(3,2)(20)
Mensaje * / 00:00:00:100 / dance(02) para dance(4,2)(25)
Mensaje * / 00:00:00:100 / dance(02) para dance(4,3)(26)
Mensaje Y / 00:00:00:100 / dance(1,1)(09) / out /      2.20000 para dance(02)
Mensaje D / 00:00:00:100 / dance(1,1)(09) / ... para dance(02)
Mensaje Y / 00:00:00:100 / dance(1,4)(12) / out /      4.10000 para dance(02)
Mensaje D / 00:00:00:100 / dance(1,4)(12) / ... para dance(02)
Mensaje Y / 00:00:00:100 / dance(3,2)(20) / out /      3.20000 para dance(02)
Mensaje D / 00:00:00:100 / dance(3,2)(20) / ... para dance(02)
Mensaje Y / 00:00:00:100 / dance(4,2)(25) / out /      0.00000 para dance(02)
Mensaje D / 00:00:00:100 / dance(4,2)(25) / ... para dance(02)
Mensaje Y / 00:00:00:100 / dance(4,3)(26) / out /      1.00000 para dance(02)
Mensaje D / 00:00:00:100 / dance(4,3)(26) / ... para dance(02)
Mensaje X / 00:00:00:100 / dance(02) / neighborchange /      2.20000 para dance(0,0)(03)
Mensaje X / 00:00:00:100 / dance(02) / neighborchange /      2.20000 para dance(0,1)(04)
Mensaje X / 00:00:00:100 / dance(02) / neighborchange /      2.20000 para dance(0,2)(05)
Mensaje X / 00:00:00:100 / dance(02) / neighborchange /      2.20000 para dance(0,3)(06)
Mensaje X / 00:00:00:100 / dance(02) / neighborchange /      2.20000 para dance(0,4)(07)
Mensaje X / 00:00:00:100 / dance(02) / neighborchange /      2.20000 para dance(1,0)(08)
Mensaje X / 00:00:00:100 / dance(02) / neighborchange /      2.20000 para dance(1,1)(09)
Mensaje X / 00:00:00:100 / dance(02) / neighborchange /      2.20000 para dance(1,2)(10)
Mensaje X / 00:00:00:100 / dance(02) / neighborchange /      2.20000 para dance(1,3)(11)
Mensaje X / 00:00:00:100 / dance(02) / neighborchange /      2.20000 para dance(1,4)(12)
Mensaje X / 00:00:00:100 / dance(02) / neighborchange /      2.20000 para dance(2,0)(13)
Mensaje X / 00:00:00:100 / dance(02) / neighborchange /      2.20000 para dance(2,1)(14)
Mensaje X / 00:00:00:100 / dance(02) / neighborchange /      2.20000 para dance(2,2)(15)
Mensaje X / 00:00:00:100 / dance(02) / neighborchange /      2.20000 para dance(2,3)(16)
Mensaje X / 00:00:00:100 / dance(02) / neighborchange /      2.20000 para dance(2,4)(17)
Mensaje X / 00:00:00:100 / dance(02) / neighborchange /      2.20000 para dance(3,0)(18)
Mensaje X / 00:00:00:100 / dance(02) / neighborchange /      2.20000 para dance(3,1)(19)
Mensaje X / 00:00:00:100 / dance(02) / neighborchange /      2.20000 para dance(3,2)(20)
Mensaje X / 00:00:00:100 / dance(02) / neighborchange /      2.20000 para dance(3,3)(21)
Mensaje X / 00:00:00:100 / dance(02) / neighborchange /      2.20000 para dance(3,4)(22)
Mensaje X / 00:00:00:100 / dance(02) / neighborchange /      2.20000 para dance(4,0)(23)
Mensaje X / 00:00:00:100 / dance(02) / neighborchange /      2.20000 para dance(4,1)(24)
Mensaje X / 00:00:00:100 / dance(02) / neighborchange /      2.20000 para dance(4,2)(25)
Mensaje X / 00:00:00:100 / dance(02) / neighborchange /      2.20000 para dance(4,3)(26)
Mensaje X / 00:00:00:100 / dance(02) / neighborchange /      2.20000 para dance(4,4)(27)
Mensaje D / 00:00:00:100 / dance(0,0)(03) / ... para dance(02)
Mensaje D / 00:00:00:100 / dance(0,1)(04) / 00:00:00:100 para dance(02)
Mensaje D / 00:00:00:100 / dance(0,2)(05) / ... para dance(02)
Mensaje D / 00:00:00:100 / dance(0,3)(06) / ... para dance(02)
Mensaje D / 00:00:00:100 / dance(0,4)(07) / ... para dance(02)
Mensaje D / 00:00:00:100 / dance(1,0)(08) / ... para dance(02)
Mensaje D / 00:00:00:100 / dance(1,1)(09) / 00:00:00:100 para dance(02)
Mensaje D / 00:00:00:100 / dance(1,2)(10) / ... para dance(02)
Mensaje D / 00:00:00:100 / dance(1,3)(11) / ... para dance(02)
Mensaje D / 00:00:00:100 / dance(1,4)(12) / 00:00:00:100 para dance(02)
Mensaje D / 00:00:00:100 / dance(2,0)(13) / ... para dance(02)
Mensaje D / 00:00:00:100 / dance(2,1)(14) / ... para dance(02)
Mensaje D / 00:00:00:100 / dance(2,2)(15) / 00:00:00:100 para dance(02)
Mensaje D / 00:00:00:100 / dance(2,3)(16) / ... para dance(02)
Mensaje D / 00:00:00:100 / dance(2,4)(17) / 00:00:00:100 para dance(02)
Mensaje D / 00:00:00:100 / dance(3,0)(18) / ... para dance(02)
Mensaje D / 00:00:00:100 / dance(3,1)(19) / ... para dance(02)
Mensaje D / 00:00:00:100 / dance(3,2)(20) / 00:00:00:100 para dance(02)
Mensaje D / 00:00:00:100 / dance(3,3)(21) / ... para dance(02)
Mensaje D / 00:00:00:100 / dance(3,4)(22) / ... para dance(02)
Mensaje D / 00:00:00:100 / dance(4,0)(23) / ... para dance(02)
Mensaje D / 00:00:00:100 / dance(4,1)(24) / ... para dance(02)
Mensaje D / 00:00:00:100 / dance(4,2)(25) / ... para dance(02)
Mensaje D / 00:00:00:100 / dance(4,3)(26) / 00:00:00:100 para dance(02)
Mensaje D / 00:00:00:100 / dance(4,4)(27) / ... para dance(02)
Mensaje D / 00:00:00:100 / dance(02) / 00:00:00:100 para top(01)
Mensaje D / 00:00:00:100 / top(01) / 00:00:00:100 para Root(00)
Mensaje * / 00:00:00:200 / Root(00) para top(01)
Mensaje * / 00:00:00:200 / top(01) para dance(02)
Mensaje * / 00:00:00:200 / dance(02) para dance(0,1)(04)
Mensaje * / 00:00:00:200 / dance(02) para dance(1,1)(09)
Mensaje * / 00:00:00:200 / dance(02) para dance(1,4)(12)
Mensaje * / 00:00:00:200 / dance(02) para dance(2,2)(15)
Mensaje * / 00:00:00:200 / dance(02) para dance(2,4)(17)
Mensaje * / 00:00:00:200 / dance(02) para dance(3,2)(20)
Mensaje * / 00:00:00:200 / dance(02) para dance(4,3)(26)
Mensaje Y / 00:00:00:200 / dance(0,1)(04) / out /      2.00000 para dance(02)
Mensaje D / 00:00:00:200 / dance(0,1)(04) / ... para dance(02)
Mensaje Y / 00:00:00:200 / dance(1,1)(09) / out /      0.00000 para dance(02)
Mensaje D / 00:00:00:200 / dance(1,1)(09) / ... para dance(02)
Mensaje Y / 00:00:00:200 / dance(1,4)(12) / out /      0.00000 para dance(02)
Mensaje D / 00:00:00:200 / dance(1,4)(12) / ... para dance(02)
Mensaje Y / 00:00:00:200 / dance(2,2)(15) / out /      3.00000 para dance(02)
Mensaje D / 00:00:00:200 / dance(2,2)(15) / ... para dance(02)
Mensaje Y / 00:00:00:200 / dance(2,4)(17) / out /      4.00000 para dance(02)
Mensaje D / 00:00:00:200 / dance(2,4)(17) / ... para dance(02)
Mensaje Y / 00:00:00:200 / dance(3,2)(20) / out /      0.00000 para dance(02)
Mensaje D / 00:00:00:200 / dance(3,2)(20) / ... para dance(02)
Mensaje Y / 00:00:00:200 / dance(4,3)(26) / out /      1.30000 para dance(02)
Mensaje D / 00:00:00:200 / dance(4,3)(26) / ... para dance(02)
Mensaje X / 00:00:00:200 / dance(02) / neighborchange /      2.00000 para dance(0,0)(03)
Mensaje X / 00:00:00:200 / dance(02) / neighborchange /      2.00000 para dance(0,1)(04)
Mensaje X / 00:00:00:200 / dance(02) / neighborchange /      2.00000 para dance(0,2)(05)
Mensaje X / 00:00:00:200 / dance(02) / neighborchange /      2.00000 para dance(0,3)(06)
Mensaje X / 00:00:00:200 / dance(02) / neighborchange /      2.00000 para dance(0,4)(07)
Mensaje X / 00:00:00:200 / dance(02) / neighborchange /      2.00000 para dance(1,0)(08)
Mensaje X / 00:00:00:200 / dance(02) / neighborchange /      2.00000 para dance(1,1)(09)
Mensaje X / 00:00:00:200 / dance(02) / neighborchange /      2.00000 para dance(1,2)(10)
Mensaje X / 00:00:00:200 / dance(02) / neighborchange /      2.00000 para dance(1,3)(11)
Mensaje X / 00:00:00:200 / dance(02) / neighborchange /      2.00000 para dance(1,4)(12)
Mensaje X / 00:00:00:200 / dance(02) / neighborchange /      2.00000 para dance(2,0)(13)
Mensaje X / 00:00:00:200 / dance(02) / neighborchange /      2.00000 para dance(2,1)(14)
Mensaje X / 00:00:00:200 / dance(02) / neighborchange /      2.00000 para dance(2,2)(15)
Mensaje X / 00:00:00:200 / dance(02) / neighborchange /      2.00000 para dance(2,3)(16)
Mensaje X / 00:00:00:200 / dance(02) / neighborchange /      2.00000 para dance(2,4)(17)
Mensaje X / 00:00:00:200 / dance(02) / neighborchange /      2.00000 para dance(3,0)(18)
Mensaje X / 00:00:00:200 / dance(02) / neighborchange /      2.00000 para dance(3,1)(19)
Mensaje X / 00:00:00:200 / dance(02) / neighborchange /      2.00000 para dance(3,2)(20)
Mensaje X / 00:00:00:200 / dance(02) / neighborchange /      2.00000 para dance(3,3)(21)
Mensaje X / 00:00:00:200 / dance(02) / neighborchange /      2.00000 para dance(3,4)(22)
Mensaje X / 00:00:00:200 / dance(02) / neighborchange /      2.00000 para dance(4,0)(23)
Mensaje X / 00:00:00:200 / dance(02) / neighborchange /      2.00000 para dance(4,1)(24)
Mensaje X / 00:00:00:200 / dance(02) / neighborchange /      2.00000 para dance(4,2)(25)
Mensaje X / 00:00:00:200 / dance(02) / neighborchange /      2.00000 para dance(4,3)(26)
Mensaje X / 00:00:00:200 / dance(02) / neighborchange /      2.00000 para dance(4,4)(27)
Mensaje D / 00:00:00:200 / dance(0,0)(03) / ... para dance(02)
Mensaje D / 00:00:00:200 / dance(0,1)(04) / 00:00:00:100 para dance(02)
Mensaje D / 00:00:00:200 / dance(0,2)(05) / ... para dance(02)
Mensaje D / 00:00:00:200 / dance(0,3)(06) / ... para dance(02)
Mensaje D / 00:00:00:200 / dance(0,4)(07) / ... para dance(02)
Mensaje D / 00:00:00:200 / dance(1,0)(08) / ... para dance(02)
Mensaje D / 00:00:00:200 / dance(1,1)(09) / ... para dance(02)
Mensaje D / 00:00:00:200 / dance(1,2)(10) / ... para dance(02)
Mensaje D / 00:00:00:200 / dance(1,3)(11) / ... para dance(02)
Mensaje D / 00:00:00:200 / dance(1,4)(12) / ... para dance(02)
Mensaje D / 00:00:00:200 / dance(2,0)(13) / ... para dance(02)
Mensaje D / 00:00:00:200 / dance(2,1)(14) / ... para dance(02)
Mensaje D / 00:00:00:200 / dance(2,2)(15) / 00:00:00:100 para dance(02)
Mensaje D / 00:00:00:200 / dance(2,3)(16) / ... para dance(02)
Mensaje D / 00:00:00:200 / dance(2,4)(17) / 00:00:00:100 para dance(02)
Mensaje D / 00:00:00:200 / dance(3,0)(18) / ... para dance(02)
Mensaje D / 00:00:00:200 / dance(3,1)(19) / ... para dance(02)
Mensaje D / 00:00:00:200 / dance(3,2)(20) / ... para dance(02)
Mensaje D / 00:00:00:200 / dance(3,3)(21) / ... para dance(02)
Mensaje D / 00:00:00:200 / dance(3,4)(22) / ... para dance(02)
Mensaje D / 00:00:00:200 / dance(4,0)(23) / ... para dance(02)
Mensaje D / 00:00:00:200 / dance(4,1)(24) / ... para dance(02)
Mensaje D / 00:00:00:200 / dance(4,2)(25) / ... para dance(02)
Mensaje D / 00:00:00:200 / dance(4,3)(26) / 00:00:00:100 para dance(02)
Mensaje D / 00:00:00:200 / dance(4,4)(27) / ... para dance(02)
Mensaje D / 00:00:00:200 / dance(02) / 00:00:00:100 para top(01)
Mensaje D / 00:00:00:200 / top(01) / 00:00:00:100 para Root(00)
Mensaje * / 00:00:00:300 / Root(00) para top(01)
Mensaje * / 00:00:00:300 / top(01) para dance(02)
Mensaje * / 00:00:00:300 / dance(02) para dance(0,1)(04)
Mensaje * / 00:00:00:300 / dance(02) para dance(2,2)(15)
Mensaje * / 00:00:00:300 / dance(02) para dance(2,4)(17)
Mensaje * / 00:00:00:300 / dance(02) para dance(4,3)(26)
Mensaje Y / 00:00:00:300 / dance(0,1)(04) / out /      2.40000 para dance(02)
Mensaje D / 00:00:00:300 / dance(0,1)(04) / ... para dance(02)
Mensaje Y / 00:00:00:300 / dance(2,2)(15) / out /      3.20000 para dance(02)
Mensaje D / 00:00:00:300 / dance(2,2)(15) / ... para dance(02)
Mensaje Y / 00:00:00:300 / dance(2,4)(17) / out /      4.30000 para dance(02)
Mensaje D / 00:00:00:300 / dance(2,4)(17) / ... para dance(02)
Mensaje Y / 00:00:00:300 / dance(4,3)(26) / out /      0.00000 para dance(02)
Mensaje D / 00:00:00:300 / dance(4,3)(26) / ... para dance(02)
Mensaje X / 00:00:00:300 / dance(02) / neighborchange /      2.40000 para dance(0,0)(03)
Mensaje X / 00:00:00:300 / dance(02) / neighborchange /      2.40000 para dance(0,1)(04)
Mensaje X / 00:00:00:300 / dance(02) / neighborchange /      2.40000 para dance(0,2)(05)
Mensaje X / 00:00:00:300 / dance(02) / neighborchange /      2.40000 para dance(0,3)(06)
Mensaje X / 00:00:00:300 / dance(02) / neighborchange /      2.40000 para dance(0,4)(07)
Mensaje X / 00:00:00:300 / dance(02) / neighborchange /      2.40000 para dance(1,0)(08)
Mensaje X / 00:00:00:300 / dance(02) / neighborchange /      2.40000 para dance(1,1)(09)
Mensaje X / 00:00:00:300 / dance(02) / neighborchange /      2.40000 para dance(1,2)(10)
Mensaje X / 00:00:00:300 / dance(02) / neighborchange /      2.40000 para dance(1,3)(11)
Mensaje X / 00:00:00:300 / dance(02) / neighborchange /      2.40000 para dance(1,4)(12)
Mensaje X / 00:00:00:300 / dance(02) / neighborchange /      2.40000 para dance(2,0)(13)
Mensaje X / 00:00:00:300 / dance(02) / neighborchange /      2.40000 para dance(2,1)(14)
Mensaje X / 00:00:00:300 / dance(02) / neighborchange /      2.40000 para dance(2,2)(15)
Mensaje X / 00:00:00:300 / dance(02) / neighborchange /      2.40000 para dance(2,3)(16)
Mensaje X / 00:00:00:300 / dance(02) / neighborchange /      2.40000 para dance(2,4)(17)
Mensaje X / 00:00:00:300 / dance(02) / neighborchange /      2.40000 para dance(3,0)(18)
Mensaje X / 00:00:00:300 / dance(02) / neighborchange /      2.40000 para dance(3,1)(19)
Mensaje X / 00:00:00:300 / dance(02) / neighborchange /      2.40000 para dance(3,2)(20)
Mensaje X / 00:00:00:300 / dance(02) / neighborchange /      2.40000 para dance(3,3)(21)
Mensaje X / 00:00:00:300 / dance(02) / neighborchange /      2.40000 para dance(3,4)(22)
Mensaje X / 00:00:00:300 / dance(02) / neighborchange /      2.40000 para dance(4,0)(23)
Mensaje X / 00:00:00:300 / dance(02) / neighborchange /      2.40000 para dance(4,1)(24)
Mensaje X / 00:00:00:300 / dance(02) / neighborchange /      2.40000 para dance(4,2)(25)
Mensaje X / 00:00:00:300 / dance(02) / neighborchange /      2.40000 para dance(4,3)(26)
Mensaje X / 00:00:00:300 / dance(02) / neighborchange /      2.40000 para dance(4,4)(27)
Mensaje D / 00:00:00:300 / dance(0,0)(03) / ... para dance(02)
Mensaje D / 00:00:00:300 / dance(0,1)(04) / 00:00:00:100 para dance(02)
Mensaje D / 00:00:00:300 / dance(0,2)(05) / 00:00:00:100 para dance(02)
Mensaje D / 00:00:00:300 / dance(0,3)(06) / ... para dance(02)
Mensaje D / 00:00:00:300 / dance(0,4)(07) / ... para dance(02)
Mensaje D / 00:00:00:300 / dance(1,0)(08) / ... para dance(02)
Mensaje D / 00:00:00:300 / dance(1,1)(09) / ... para dance(02)
Mensaje D / 00:00:00:300 / dance(1,2)(10) / 00:00:00:100 para dance(02)
Mensaje D / 00:00:00:300 / dance(1,3)(11) / ... para dance(02)
Mensaje D / 00:00:00:300 / dance(1,4)(12) / ... para dance(02)
Mensaje D / 00:00:00:300 / dance(2,0)(13) / ... para dance(02)
Mensaje D / 00:00:00:300 / dance(2,1)(14) / ... para dance(02)
Mensaje D / 00:00:00:300 / dance(2,2)(15) / 00:00:00:100 para dance(02)
Mensaje D / 00:00:00:300 / dance(2,3)(16) / 00:00:00:100 para dance(02)
Mensaje D / 00:00:00:300 / dance(2,4)(17) / 00:00:00:100 para dance(02)
Mensaje D / 00:00:00:300 / dance(3,0)(18) / ... para dance(02)
Mensaje D / 00:00:00:300 / dance(3,1)(19) / ... para dance(02)
Mensaje D / 00:00:00:300 / dance(3,2)(20) / ... para dance(02)
Mensaje D / 00:00:00:300 / dance(3,3)(21) / ... para dance(02)
Mensaje D / 00:00:00:300 / dance(3,4)(22) / ... para dance(02)
Mensaje D / 00:00:00:300 / dance(4,0)(23) / ... para dance(02)
Mensaje D / 00:00:00:300 / dance(4,1)(24) / ... para dance(02)
Mensaje D / 00:00:00:300 / dance(4,2)(25) / ... para dance(02)
Mensaje D / 00:00:00:300 / dance(4,3)(26) / ... para dance(02)
Mensaje D / 00:00:00:300 / dance(4,4)(27) / ... para dance(02)
Mensaje D / 00:00:00:300 / dance(02) / 00:00:00:100 para top(01)
Mensaje D / 00:00:00:300 / top(01) / 00:00:00:100 para Root(00)
Mensaje * / 00:00:00:400 / Root(00) para top(01)
Mensaje * / 00:00:00:400 / top(01) para dance(02)
Mensaje * / 00:00:00:400 / dance(02) para dance(0,1)(04)
Mensaje * / 00:00:00:400 / dance(02) para dance(0,2)(05)
Mensaje * / 00:00:00:400 / dance(02) para dance(1,2)(10)
Mensaje * / 00:00:00:400 / dance(02) para dance(2,2)(15)
Mensaje * / 00:00:00:400 / dance(02) para dance(2,3)(16)
Mensaje * / 00:00:00:400 / dance(02) para dance(2,4)(17)
Mensaje Y / 00:00:00:400 / dance(0,1)(04) / out /      0.00000 para dance(02)
Mensaje D / 00:00:00:400 / dance(0,1)(04) / ... para dance(02)
Mensaje Y / 00:00:00:400 / dance(0,2)(05) / out /      2.00000 para dance(02)
Mensaje D / 00:00:00:400 / dance(0,2)(05) / ... para dance(02)
Mensaje Y / 00:00:00:400 / dance(1,2)(10) / out /      3.00000 para dance(02)
Mensaje D / 00:00:00:400 / dance(1,2)(10) / ... para dance(02)
Mensaje Y / 00:00:00:400 / dance(2,2)(15) / out /      0.00000 para dance(02)
Mensaje D / 00:00:00:400 / dance(2,2)(15) / ... para dance(02)
Mensaje Y / 00:00:00:400 / dance(2,3)(16) / out /      4.00000 para dance(02)
Mensaje D / 00:00:00:400 / dance(2,3)(16) / ... para dance(02)
Mensaje Y / 00:00:00:400 / dance(2,4)(17) / out /      0.00000 para dance(02)
Mensaje D / 00:00:00:400 / dance(2,4)(17) / ... para dance(02)
Mensaje X / 00:00:00:400 / dance(02) / neighborchange /      0.00000 para dance(0,0)(03)
Mensaje X / 00:00:00:400 / dance(02) / neighborchange /      0.00000 para dance(0,1)(04)
Mensaje X / 00:00:00:400 / dance(02) / neighborchange /      0.00000 para dance(0,2)(05)
Mensaje X / 00:00:00:400 / dance(02) / neighborchange /      0.00000 para dance(0,3)(06)
Mensaje X / 00:00:00:400 / dance(02) / neighborchange /      0.00000 para dance(0,4)(07)
Mensaje X / 00:00:00:400 / dance(02) / neighborchange /      0.00000 para dance(1,0)(08)
Mensaje X / 00:00:00:400 / dance(02) / neighborchange /      0.00000 para dance(1,1)(09)
Mensaje X / 00:00:00:400 / dance(02) / neighborchange /      0.00000 para dance(1,2)(10)
Mensaje X / 00:00:00:400 / dance(02) / neighborchange /      0.00000 para dance(1,3)(11)
Mensaje X / 00:00:00:400 / dance(02) / neighborchange /      0.00000 para dance(1,4)(12)
Mensaje X / 00:00:00:400 / dance(02) / neighborchange /      0.00000 para dance(2,0)(13)
Mensaje X / 00:00:00:400 / dance(02) / neighborchange /      0.00000 para dance(2,1)(14)
Mensaje X / 00:00:00:400 / dance(02) / neighborchange /      0.00000 para dance(2,2)(15)
Mensaje X / 00:00:00:400 / dance(02) / neighborchange /      0.00000 para dance(2,3)(16)
Mensaje X / 00:00:00:400 / dance(02) / neighborchange /      0.00000 para dance(2,4)(17)
Mensaje X / 00:00:00:400 / dance(02) / neighborchange /      0.00000 para dance(3,0)(18)
Mensaje X / 00:00:00:400 / dance(02) / neighborchange /      0.00000 para dance(3,1)(19)
Mensaje X / 00:00:00:400 / dance(02) / neighborchange /      0.00000 para dance(3,2)(20)
Mensaje X / 00:00:00:400 / dance(02) / neighborchange /      0.00000 para dance(3,3)(21)
Mensaje X / 00:00:00:400 / dance(02) / neighborchange /      0.00000 para dance(3,4)(22)
Mensaje X / 00:00:00:400 / dance(02) / neighborchange /      0.00000 para dance(4,0)(23)
Mensaje X / 00:00:00:400 / dance(02) / neighborchange /      0.00000 para dance(4,1)(24)
Mensaje X / 00:00:00:400 / dance(02) / neighborchange /      0.00000 para dance(4,2)(25)
Mensaje X / 00:00:00:400 / dance(02) / neighborchange /      0.00000 para dance(4,3)(26)
Mensaje X / 00:00:00:400 / dance(02) / neighborchange /      0.00000 para dance(4,4)(27)
Mensaje D / 00:00:00:400 / dance(0,0)(03) / ... para dance(02)
Mensaje D / 00:00:00:400 / dance(0,1)(04) / ... para dance(02)
Mensaje D / 00:00:00:400 / dance(0,2)(05) / ... para dance(02)
Mensaje D / 00:00:00:400 / dance(0,3)(06) / ... para dance(02)
Mensaje D / 00:00:00:400 / dance(0,4)(07) / ... para dance(02)
Mensaje D / 00:00:00:400 / dance(1,0)(08) / ... para dance(02)
Mensaje D / 00:00:00:400 / dance(1,1)(09) / ... para dance(02)
Mensaje D / 00:00:00:400 / dance(1,2)(10) / 00:00:00:100 para dance(02)
Mensaje D / 00:00:00:400 / dance(1,3)(11) / ... para dance(02)
Mensaje D / 00:00:00:400 / dance(1,4)(12) / ... para dance(02)
Mensaje D / 00:00:00:400 / dance(2,0)(13) / ... para dance(02)
Mensaje D / 00:00:00:400 / dance(2,1)(14) / ... para dance(02)
Mensaje D / 00:00:00:400 / dance(2,2)(15) / ... para dance(02)
Mensaje D / 00:00:00:400 / dance(2,3)(16) / 00:00:00:100 para dance(02)
Mensaje D / 00:00:00:400 / dance(2,4)(17) / ... para dance(02)
Mensaje D / 00:00:00:400 / dance(3,0)(18) / ... para dance(02)
Mensaje D / 00:00:00:400 / dance(3,1)(19) / ... para dance(02)
Mensaje D / 00:00:00:400 / dance(3,2)(20) / ... para dance(02)
Mensaje D / 00:00:00:400 / dance(3,3)(21) / ... para dance(02)
Mensaje D / 00:00:00:400 / dance(3,4)(22) / ... para dance(02)
Mensaje D / 00:00:00:400 / dance(4,0)(23) / ... para dance(02)
Mensaje D / 00:00:00:400 / dance(4,1)(24) / ... para dance(02)
Mensaje D / 00:00:00:400 / dance(4,2)(25) / ... para dance(02)
Mensaje D / 00:00:00:400 / dance(4,3)(26) / ... para dance(02)
Mensaje D / 00:00:00:400 / dance(4,4)(27) / ... para dance(02)
Mensaje D / 00:00:00:400 / dance(02) / 00:00:00:100 para top(01)
Mensaje D / 00:00:00:400 / top(01) / 00:00:00:100 para Root(00)
Mensaje * / 00:00:00:500 / Root(00) para top(01)
Mensaje * / 00:00:00:500 / top(01) para dance(02)
Mensaje * / 00:00:00:500 / dance(02) para dance(1,2)(10)
Mensaje * / 00:00:00:500 / dance(02) para dance(2,3)(16)
Mensaje Y / 00:00:00:500 / dance(1,2)(10) / out /      3.20000 para dance(02)
Mensaje D / 00:00:00:500 / dance(1,2)(10) / ... para dance(02)
Mensaje Y / 00:00:00:500 / dance(2,3)(16) / out /      4.20000 para dance(02)
Mensaje D / 00:00:00:500 / dance(2,3)(16) / ... para dance(02)
Mensaje X / 00:00:00:500 / dance(02) / neighborchange /      3.20000 para dance(0,0)(03)
Mensaje X / 00:00:00:500 / dance(02) / neighborchange /      3.20000 para dance(0,1)(04)
Mensaje X / 00:00:00:500 / dance(02) / neighborchange /      3.20000 para dance(0,2)(05)
Mensaje X / 00:00:00:500 / dance(02) / neighborchange /      3.20000 para dance(0,3)(06)
Mensaje X / 00:00:00:500 / dance(02) / neighborchange /      3.20000 para dance(0,4)(07)
Mensaje X / 00:00:00:500 / dance(02) / neighborchange /      3.20000 para dance(1,0)(08)
Mensaje X / 00:00:00:500 / dance(02) / neighborchange /      3.20000 para dance(1,1)(09)
Mensaje X / 00:00:00:500 / dance(02) / neighborchange /      3.20000 para dance(1,2)(10)
Mensaje X / 00:00:00:500 / dance(02) / neighborchange /      3.20000 para dance(1,3)(11)
Mensaje X / 00:00:00:500 / dance(02) / neighborchange /      3.20000 para dance(1,4)(12)
Mensaje X / 00:00:00:500 / dance(02) / neighborchange /      3.20000 para dance(2,0)(13)
Mensaje X / 00:00:00:500 / dance(02) / neighborchange /      3.20000 para dance(2,1)(14)
Mensaje X / 00:00:00:500 / dance(02) / neighborchange /      3.20000 para dance(2,2)(15)
Mensaje X / 00:00:00:500 / dance(02) / neighborchange /      3.20000 para dance(2,3)(16)
Mensaje X / 00:00:00:500 / dance(02) / neighborchange /      3.20000 para dance(2,4)(17)
Mensaje X / 00:00:00:500 / dance(02) / neighborchange /      3.20000 para dance(3,0)(18)
Mensaje X / 00:00:00:500 / dance(02) / neighborchange /      3.20000 para dance(3,1)(19)
Mensaje X / 00:00:00:500 / dance(02) / neighborchange /      3.20000 para dance(3,2)(20)
Mensaje X / 00:00:00:500 / dance(02) / neighborchange /      3.20000 para dance(3,3)(21)
Mensaje X / 00:00:00:500 / dance(02) / neighborchange /      3.20000 para dance(3,4)(22)
Mensaje X / 00:00:00:500 / dance(02) / neighborchange /      3.20000 para dance(4,0)(23)
Mensaje X / 00:00:00:500 / dance(02) / neighborchange /      3.20000 para dance(4,1)(24)
Mensaje X / 00:00:00:500 / dance(02) / neighborchange /      3.20000 para dance(4,2)(25)
Mensaje X / 00:00:00:500 / dance(02) / neighborchange /      3.20000 para dance(4,3)(26)
Mensaje X / 00:00:00:500 / dance(02) / neighborchange /      3.20000 para dance(4,4)(27)
Mensaje D / 00:00:00:500 / dance(0,0)(03) / ... para dance(02)
Mensaje D / 00:00:00:500 / dance(0,1)(04) / ... para dance(02)
Mensaje D / 00:00:00:500 / dance(0,2)(05) / ... para dance(02)
Mensaje D / 00:00:00:500 / dance(0,3)(06) / ... para dance(02)
Mensaje D / 00:00:00:500 / dance(0,4)(07) / ... para dance(02)
Mensaje D / 00:00:00:500 / dance(1,0)(08) / ... para dance(02)
Mensaje D / 00:00:00:500 / dance(1,1)(09) / ... para dance(02)
Mensaje D / 00:00:00:500 / dance(1,2)(10) / ... para dance(02)
Mensaje D / 00:00:00:500 / dance(1,3)(11) / 00:00:00:100 para dance(02)
Mensaje D / 00:00:00:500 / dance(1,4)(12) / ... para dance(02)
Mensaje D / 00:00:00:500 / dance(2,0)(13) / ... para dance(02)
Mensaje D / 00:00:00:500 / dance(2,1)(14) / ... para dance(02)
Mensaje D / 00:00:00:500 / dance(2,2)(15) / ... para dance(02)
Mensaje D / 00:00:00:500 / dance(2,3)(16) / 00:00:00:100 para dance(02)
Mensaje D / 00:00:00:500 / dance(2,4)(17) / ... para dance(02)
Mensaje D / 00:00:00:500 / dance(3,0)(18) / ... para dance(02)
Mensaje D / 00:00:00:500 / dance(3,1)(19) / ... para dance(02)
Mensaje D / 00:00:00:500 / dance(3,2)(20) / ... para dance(02)
Mensaje D / 00:00:00:500 / dance(3,3)(21) / ... para dance(02)
Mensaje D / 00:00:00:500 / dance(3,4)(22) / ... para dance(02)
Mensaje D / 00:00:00:500 / dance(4,0)(23) / ... para dance(02)
Mensaje D / 00:00:00:500 / dance(4,1)(24) / ... para dance(02)
Mensaje D / 00:00:00:500 / dance(4,2)(25) / ... para dance(02)
Mensaje D / 00:00:00:500 / dance(4,3)(26) / ... para dance(02)
Mensaje D / 00:00:00:500 / dance(4,4)(27) / ... para dance(02)
Mensaje D / 00:00:00:500 / dance(02) / 00:00:00:100 para top(01)
Mensaje D / 00:00:00:500 / top(01) / 00:00:00:100 para Root(00)
Mensaje * / 00:00:00:600 / Root(00) para top(01)
Mensaje * / 00:00:00:600 / top(01) para dance(02)
Mensaje * / 00:00:00:600 / dance(02) para dance(1,3)(11)
Mensaje * / 00:00:00:600 / dance(02) para dance(2,3)(16)
Mensaje Y / 00:00:00:600 / dance(1,3)(11) / out /      4.00000 para dance(02)
Mensaje D / 00:00:00:600 / dance(1,3)(11) / ... para dance(02)
Mensaje Y / 00:00:00:600 / dance(2,3)(16) / out /      0.00000 para dance(02)
Mensaje D / 00:00:00:600 / dance(2,3)(16) / ... para dance(02)
Mensaje X / 00:00:00:600 / dance(02) / neighborchange /      4.00000 para dance(0,0)(03)
Mensaje X / 00:00:00:600 / dance(02) / neighborchange /      4.00000 para dance(0,1)(04)
Mensaje X / 00:00:00:600 / dance(02) / neighborchange /      4.00000 para dance(0,2)(05)
Mensaje X / 00:00:00:600 / dance(02) / neighborchange /      4.00000 para dance(0,3)(06)
Mensaje X / 00:00:00:600 / dance(02) / neighborchange /      4.00000 para dance(0,4)(07)
Mensaje X / 00:00:00:600 / dance(02) / neighborchange /      4.00000 para dance(1,0)(08)
Mensaje X / 00:00:00:600 / dance(02) / neighborchange /      4.00000 para dance(1,1)(09)
Mensaje X / 00:00:00:600 / dance(02) / neighborchange /      4.00000 para dance(1,2)(10)
Mensaje X / 00:00:00:600 / dance(02) / neighborchange /      4.00000 para dance(1,3)(11)
Mensaje X / 00:00:00:600 / dance(02) / neighborchange /      4.00000 para dance(1,4)(12)
Mensaje X / 00:00:00:600 / dance(02) / neighborchange /      4.00000 para dance(2,0)(13)
Mensaje X / 00:00:00:600 / dance(02) / neighborchange /      4.00000 para dance(2,1)(14)
Mensaje X / 00:00:00:600 / dance(02) / neighborchange /      4.00000 para dance(2,2)(15)
Mensaje X / 00:00:00:600 / dance(02) / neighborchange /      4.00000 para dance(2,3)(16)
Mensaje X / 00:00:00:600 / dance(02) / neighborchange /      4.00000 para dance(2,4)(17)
Mensaje X / 00:00:00:600 / dance(02) / neighborchange /      4.00000 para dance(3,0)(18)
Mensaje X / 00:00:00:600 / dance(02) / neighborchange /      4.00000 para dance(3,1)(19)
Mensaje X / 00:00:00:600 / dance(02) / neighborchange /      4.00000 para dance(3,2)(20)
Mensaje X / 00:00:00:600 / dance(02) / neighborchange /      4.00000 para dance(3,3)(21)
Mensaje X / 00:00:00:600 / dance(02) / neighborchange /      4.00000 para dance(3,4)(22)
Mensaje X / 00:00:00:600 / dance(02) / neighborchange /      4.00000 para dance(4,0)(23)
Mensaje X / 00:00:00:600 / dance(02) / neighborchange /      4.00000 para dance(4,1)(24)
Mensaje X / 00:00:00:600 / dance(02) / neighborchange /      4.00000 para dance(4,2)(25)
Mensaje X / 00:00:00:600 / dance(02) / neighborchange /      4.00000 para dance(4,3)(26)
Mensaje X / 00:00:00:600 / dance(02) / neighborchange /      4.00000 para dance(4,4)(27)
Mensaje D / 00:00:00:600 / dance(0,0)(03) / ... para dance(02)
Mensaje D / 00:00:00:600 / dance(0,1)(04) / ... para dance(02)
Mensaje D / 00:00:00:600 / dance(0,2)(05) / ... para dance(02)
Mensaje D / 00:00:00:600 / dance(0,3)(06) / ... para dance(02)
Mensaje D / 00:00:00:600 / dance(0,4)(07) / ... para dance(02)
Mensaje D / 00:00:00:600 / dance(1,0)(08) / ... para dance(02)
Mensaje D / 00:00:00:600 / dance(1,1)(09) / ... para dance(02)
Mensaje D / 00:00:00:600 / dance(1,2)(10) / ... para dance(02)
Mensaje D / 00:00:00:600 / dance(1,3)(11) / 00:00:00:100 para dance(02)
Mensaje D / 00:00:00:600 / dance(1,4)(12) / ... para dance(02)
Mensaje D / 00:00:00:600 / dance(2,0)(13) / ... para dance(02)
Mensaje D / 00:00:00:600 / dance(2,1)(14) / ... para dance(02)
Mensaje D / 00:00:00:600 / dance(2,2)(15) / ... para dance(02)
Mensaje D / 00:00:00:600 / dance(2,3)(16) / ... para dance(02)
Mensaje D / 00:00:00:600 / dance(2,4)(17) / ... para dance(02)
Mensaje D / 00:00:00:600 / dance(3,0)(18) / ... para dance(02)
Mensaje D / 00:00:00:600 / dance(3,1)(19) / ... para dance(02)
Mensaje D / 00:00:00:600 / dance(3,2)(20) / ... para dance(02)
Mensaje D / 00:00:00:600 / dance(3,3)(21) / ... para dance(02)
Mensaje D / 00:00:00:600 / dance(3,4)(22) / ... para dance(02)
Mensaje D / 00:00:00:600 / dance(4,0)(23) / ... para dance(02)
Mensaje D / 00:00:00:600 / dance(4,1)(24) / ... para dance(02)
Mensaje D / 00:00:00:600 / dance(4,2)(25) / ... para dance(02)
Mensaje D / 00:00:00:600 / dance(4,3)(26) / ... para dance(02)
Mensaje D / 00:00:00:600 / dance(4,4)(27) / ... para dance(02)
Mensaje D / 00:00:00:600 / dance(02) / 00:00:00:100 para top(01)
Mensaje D / 00:00:00:600 / top(01) / 00:00:00:100 para Root(00)
Mensaje * / 00:00:00:700 / Root(00) para top(01)
Mensaje * / 00:00:00:700 / top(01) para dance(02)
Mensaje * / 00:00:00:700 / dance(02) para dance(1,3)(11)
Mensaje Y / 00:00:00:700 / dance(1,3)(11) / out /      4.30000 para dance(02)
Mensaje D / 00:00:00:700 / dance(1,3)(11) / ... para dance(02)
Mensaje X / 00:00:00:700 / dance(02) / neighborchange /      4.30000 para dance(0,0)(03)
Mensaje X / 00:00:00:700 / dance(02) / neighborchange /      4.30000 para dance(0,1)(04)
Mensaje X / 00:00:00:700 / dance(02) / neighborchange /      4.30000 para dance(0,2)(05)
Mensaje X / 00:00:00:700 / dance(02) / neighborchange /      4.30000 para dance(0,3)(06)
Mensaje X / 00:00:00:700 / dance(02) / neighborchange /      4.30000 para dance(0,4)(07)
Mensaje X / 00:00:00:700 / dance(02) / neighborchange /      4.30000 para dance(1,0)(08)
Mensaje X / 00:00:00:700 / dance(02) / neighborchange /      4.30000 para dance(1,1)(09)
Mensaje X / 00:00:00:700 / dance(02) / neighborchange /      4.30000 para dance(1,2)(10)
Mensaje X / 00:00:00:700 / dance(02) / neighborchange /      4.30000 para dance(1,3)(11)
Mensaje X / 00:00:00:700 / dance(02) / neighborchange /      4.30000 para dance(1,4)(12)
Mensaje X / 00:00:00:700 / dance(02) / neighborchange /      4.30000 para dance(2,0)(13)
Mensaje X / 00:00:00:700 / dance(02) / neighborchange /      4.30000 para dance(2,1)(14)
Mensaje X / 00:00:00:700 / dance(02) / neighborchange /      4.30000 para dance(2,2)(15)
Mensaje X / 00:00:00:700 / dance(02) / neighborchange /      4.30000 para dance(2,3)(16)
Mensaje X / 00:00:00:700 / dance(02) / neighborchange /      4.30000 para dance(2,4)(17)
Mensaje X / 00:00:00:700 / dance(02) / neighborchange /      4.30000 para dance(3,0)(18)
Mensaje X / 00:00:00:700 / dance(02) / neighborchange /      4.30000 para dance(3,1)(19)
Mensaje X / 00:00:00:700 / dance(02) / neighborchange /      4.30000 para dance(3,2)(20)
Mensaje X / 00:00:00:700 / dance(02) / neighborchange /      4.30000 para dance(3,3)(21)
Mensaje X / 00:00:00:700 / dance(02) / neighborchange /      4.30000 para dance(3,4)(22)
Mensaje X / 00:00:00:700 / dance(02) / neighborchange /      4.30000 para dance(4,0)(23)
Mensaje X / 00:00:00:700 / dance(02) / neighborchange /      4.30000 para dance(4,1)(24)
Mensaje X / 00:00:00:700 / dance(02) / neighborchange /      4.30000 para dance(4,2)(25)
Mensaje X / 00:00:00:700 / dance(02) / neighborchange /      4.30000 para dance(4,3)(26)
Mensaje X / 00:00:00:700 / dance(02) / neighborchange /      4.30000 para dance(4,4)(27)
Mensaje D / 00:00:00:700 / dance(0,0)(03) / ... para dance(02)
Mensaje D / 00:00:00:700 / dance(0,1)(04) / ... para dance(02)
Mensaje D / 00:00:00:700 / dance(0,2)(05) / ... para dance(02)
Mensaje D / 00:00:00:700 / dance(0,3)(06) / ... para dance(02)
Mensaje D / 00:00:00:700 / dance(0,4)(07) / ... para dance(02)
Mensaje D / 00:00:00:700 / dance(1,0)(08) / ... para dance(02)
Mensaje D / 00:00:00:700 / dance(1,1)(09) / ... para dance(02)
Mensaje D / 00:00:00:700 / dance(1,2)(10) / ... para dance(02)
Mensaje D / 00:00:00:700 / dance(1,3)(11) / ... para dance(02)
Mensaje D / 00:00:00:700 / dance(1,4)(12) / ... para dance(02)
Mensaje D / 00:00:00:700 / dance(2,0)(13) / ... para dance(02)
Mensaje D / 00:00:00:700 / dance(2,1)(14) / ... para dance(02)
Mensaje D / 00:00:00:700 / dance(2,2)(15) / ... para dance(02)
Mensaje D / 00:00:00:700 / dance(2,3)(16) / ... para dance(02)
Mensaje D / 00:00:00:700 / dance(2,4)(17) / ... para dance(02)
Mensaje D / 00:00:00:700 / dance(3,0)(18) / ... para dance(02)
Mensaje D / 00:00:00:700 / dance(3,1)(19) / ... para dance(02)
Mensaje D / 00:00:00:700 / dance(3,2)(20) / ... para dance(02)
Mensaje D / 00:00:00:700 / dance(3,3)(21) / ... para dance(02)
Mensaje D / 00:00:00:700 / dance(3,4)(22) / ... para dance(02)
Mensaje D / 00:00:00:700 / dance(4,0)(23) / ... para dance(02)
Mensaje D / 00:00:00:700 / dance(4,1)(24) / ... para dance(02)
Mensaje D / 00:00:00:700 / dance(4,2)(25) / ... para dance(02)
Mensaje D / 00:00:00:700 / dance(4,3)(26) / ... para dance(02)
Mensaje D / 00:00:00:700 / dance(4,4)(27) / ... para dance(02)
Mensaje D / 00:00:00:700 / dance(02) / ... para top(01)
Mensaje D / 00:00:00:700 / top(01) / ... para Root(00)
